<?xml version="1.0" encoding="UTF-8"?>
<!-- Generated by org.testng.reporters.JUnitReportReporter -->
<testsuite hostname="LAPTOP-965NCTD2" failures="0" tests="2" name="runners.SmokeTest" time="22.695" errors="0" timestamp="11 Nov 2023 16:42:55 GMT" skipped="0">
  <testcase classname="runners.SmokeTest" name="runScenario" time="12.224"/>
  <testcase classname="runners.SmokeTest" name="runScenario" time="10.471"/>
</testsuite> <!-- runners.SmokeTest -->
